<?xml version="1.0" encoding="UTF-8"?>
<!-- Generated by org.testng.reporters.JUnitReportReporter -->
<testsuite skipped="0" hostname="M2B-D-GTD3RG2" name="com.mycompany.app.window" tests="1" failures="0" timestamp="04 Jul 2019 07:19:41 GMT" time="43.943" errors="0">
  <testcase name="windowhandle" time="43.943" classname="com.mycompany.app.window"/>
</testsuite> <!-- com.mycompany.app.window -->
