<?xml version="1.0" encoding="UTF-8"?>
<!-- Generated by org.testng.reporters.JUnitReportReporter -->
<testsuite skipped="0" hostname="M2B-D-GTD3RG2" name="com.mycompany.app.iframe" tests="1" failures="0" timestamp="25 Apr 2019 10:28:04 GMT" time="30.130" errors="0">
  <testcase name="iframe" time="30.130" classname="com.mycompany.app.iframe"/>
</testsuite> <!-- com.mycompany.app.iframe -->
