<?xml version="1.0" encoding="UTF-8"?>
<!-- Generated by org.testng.reporters.JUnitReportReporter -->
<testsuite skipped="0" hostname="M2B-D-GTD3RG2" name="com.mycompany.app.draganddrop" tests="1" failures="0" timestamp="04 Jul 2019 10:48:11 GMT" time="17.336" errors="0">
  <testcase name="select" time="17.336" classname="com.mycompany.app.draganddrop"/>
</testsuite> <!-- com.mycompany.app.draganddrop -->
