<?xml version="1.0" encoding="UTF-8"?>
<!-- Generated by org.testng.reporters.JUnitReportReporter -->
<testsuite skipped="0" hostname="M2B-D-GTD3RG2" name="com.mycompany.app.alert" tests="1" failures="0" timestamp="19 Jun 2019 06:03:30 GMT" time="18.352" errors="0">
  <testcase name="dialogue" time="18.352" classname="com.mycompany.app.alert"/>
</testsuite> <!-- com.mycompany.app.alert -->
