<?xml version="1.0" encoding="UTF-8"?>
<!-- Generated by org.testng.reporters.JUnitReportReporter -->
<testsuite skipped="0" hostname="M2B-D-GTD3RG2" name="com.mycompany.app.selectmulti" tests="1" failures="0" timestamp="07 May 2019 09:40:56 GMT" time="15.220" errors="0">
  <testcase name="grid" time="15.220" classname="com.mycompany.app.selectmulti"/>
</testsuite> <!-- com.mycompany.app.selectmulti -->
