<?xml version="1.0" encoding="UTF-8"?>
<!-- Generated by org.testng.reporters.JUnitReportReporter -->
<testsuite skipped="0" hostname="M2B-D-GTD3RG2" name="com.mycompany.app.FirstTest" tests="1" failures="0" timestamp="29 Mar 2019 10:51:25 GMT" time="28.546" errors="0">
  <testcase name="form" time="28.546" classname="com.mycompany.app.FirstTest"/>
</testsuite> <!-- com.mycompany.app.FirstTest -->
