<?xml version="1.0" encoding="UTF-8"?>
<!-- Generated by org.testng.reporters.JUnitReportReporter -->
<testsuite skipped="0" hostname="M2B-D-GTD3RG2" name="com.mycompany.app.datepicker" tests="2" failures="0" timestamp="07 May 2019 07:14:19 GMT" time="98.027" errors="0">
  <testcase name="date" time="47.175" classname="com.mycompany.app.datepicker"/>
  <testcase name="date2" time="50.852" classname="com.mycompany.app.datepicker"/>
</testsuite> <!-- com.mycompany.app.datepicker -->
