<?xml version="1.0" encoding="UTF-8"?>
<!-- Generated by org.testng.reporters.JUnitReportReporter -->
<testsuite skipped="0" hostname="M2B-D-GTD3RG2" name="com.mycompany.app.hello" tests="1" failures="0" timestamp="01 Apr 2019 09:10:29 GMT" time="0.030" errors="0">
  <testcase name="display" time="0.030" classname="com.mycompany.app.hello"/>
</testsuite> <!-- com.mycompany.app.hello -->
