<?xml version="1.0" encoding="UTF-8"?>
<!-- Generated by org.testng.reporters.JUnitReportReporter -->
<testsuite skipped="0" hostname="M2B-D-GTD3RG2" name="com.mycompany.app.Login" tests="1" failures="0" timestamp="19 Apr 2019 04:11:30 GMT" time="19.169" errors="0">
  <testcase name="login" time="19.169" classname="com.mycompany.app.Login"/>
</testsuite> <!-- com.mycompany.app.Login -->
