<?xml version="1.0" encoding="UTF-8"?>
<!-- Generated by org.testng.reporters.JUnitReportReporter -->
<testsuite skipped="0" hostname="M2B-D-GTD3RG2" name="com.mycompany.app.FirstTest" tests="1" failures="0" timestamp="16 Apr 2019 09:22:33 GMT" time="23.396" errors="0">
  <testcase name="form" time="23.396" classname="com.mycompany.app.FirstTest"/>
</testsuite> <!-- com.mycompany.app.FirstTest -->
