<?xml version="1.0" encoding="UTF-8"?>
<!-- Generated by org.testng.reporters.JUnitReportReporter -->
<testsuite skipped="0" hostname="M2B-D-GTD3RG2" name="com.mycompany.app.homepage" tests="2" failures="0" timestamp="23 Apr 2019 10:25:04 GMT" time="84.154" errors="0">
  <testcase name="home" time="37.487" classname="com.mycompany.app.homepage"/>
  <testcase name="home" time="46.667" classname="com.mycompany.app.homepage"/>
</testsuite> <!-- com.mycompany.app.homepage -->
